# JRE version: OpenJDK Runtime Environment (8.0_131-b11) (build 1.8.0_131-8u131-b11-2ubuntu1.17.04.3-b11)
# Java VM: OpenJDK 64-Bit Server VM (25.131-b11 mixed mode linux-amd64 compressed oops)
Heap:
 PSYoungGen      total 136192K, used 9184K [0x00000000eb700000, 0x00000000f4500000, 0x0000000100000000)
  eden space 126976K, 0% used [0x00000000eb700000,0x00000000eb700000,0x00000000f3300000)
  from space 9216K, 99% used [0x00000000f3300000,0x00000000f3bf8078,0x00000000f3c00000)
  to   space 9216K, 0% used [0x00000000f3c00000,0x00000000f3c00000,0x00000000f4500000)
 ParOldGen       total 46080K, used 18879K [0x00000000c2400000, 0x00000000c5100000, 0x00000000eb700000)
  object space 46080K, 40% used [0x00000000c2400000,0x00000000c366fc30,0x00000000c5100000)
 Metaspace       used 26498K, capacity 27320K, committed 27648K, reserved 1073152K
  class space    used 3068K, capacity 3248K, committed 3328K, reserved 1048576K
GC Heap History (10 events):
Event: 1,720 GC heap after
Heap after GC invocations=3 (full 0):
 PSYoungGen      total 34304K, used 2560K [0x00000000eb700000, 0x00000000efa00000, 0x0000000100000000)
  eden space 31744K, 0% used [0x00000000eb700000,0x00000000eb700000,0x00000000ed600000)
  from space 2560K, 100% used [0x00000000ed600000,0x00000000ed880000,0x00000000ed880000)
  to   space 2560K, 0% used [0x00000000ef780000,0x00000000ef780000,0x00000000efa00000)
 ParOldGen       total 42496K, used 4844K [0x00000000c2400000, 0x00000000c4d80000, 0x00000000eb700000)
  object space 42496K, 11% used [0x00000000c2400000,0x00000000c28bb138,0x00000000c4d80000)
 Metaspace       used 11402K, capacity 11560K, committed 11776K, reserved 1058816K
  class space    used 1407K, capacity 1508K, committed 1536K, reserved 1048576K
}
Event: 2,575 GC heap before
{Heap before GC invocations=4 (full 0):
 PSYoungGen      total 34304K, used 34304K [0x00000000eb700000, 0x00000000efa00000, 0x0000000100000000)
  eden space 31744K, 100% used [0x00000000eb700000,0x00000000ed600000,0x00000000ed600000)
  from space 2560K, 100% used [0x00000000ed600000,0x00000000ed880000,0x00000000ed880000)
  to   space 2560K, 0% used [0x00000000ef780000,0x00000000ef780000,0x00000000efa00000)
 ParOldGen       total 42496K, used 4844K [0x00000000c2400000, 0x00000000c4d80000, 0x00000000eb700000)
  object space 42496K, 11% used [0x00000000c2400000,0x00000000c28bb138,0x00000000c4d80000)
 Metaspace       used 14185K, capacity 14346K, committed 14720K, reserved 1062912K
  class space    used 1738K, capacity 1808K, committed 1920K, reserved 1048576K
Event: 2,584 GC heap after
Heap after GC invocations=4 (full 0):
 PSYoungGen      total 66048K, used 2544K [0x00000000eb700000, 0x00000000efa00000, 0x0000000100000000)
  eden space 63488K, 0% used [0x00000000eb700000,0x00000000eb700000,0x00000000ef500000)
  from space 2560K, 99% used [0x00000000ef780000,0x00000000ef9fc010,0x00000000efa00000)
  to   space 2560K, 0% used [0x00000000ef500000,0x00000000ef500000,0x00000000ef780000)
 ParOldGen       total 42496K, used 7447K [0x00000000c2400000, 0x00000000c4d80000, 0x00000000eb700000)
  object space 42496K, 17% used [0x00000000c2400000,0x00000000c2b45e80,0x00000000c4d80000)
 Metaspace       used 14185K, capacity 14346K, committed 14720K, reserved 1062912K
  class space    used 1738K, capacity 1808K, committed 1920K, reserved 1048576K
}
Event: 3,801 GC heap before
{Heap before GC invocations=5 (full 0):
 PSYoungGen      total 66048K, used 66032K [0x00000000eb700000, 0x00000000efa00000, 0x0000000100000000)
  eden space 63488K, 100% used [0x00000000eb700000,0x00000000ef500000,0x00000000ef500000)
  from space 2560K, 99% used [0x00000000ef780000,0x00000000ef9fc010,0x00000000efa00000)
  to   space 2560K, 0% used [0x00000000ef500000,0x00000000ef500000,0x00000000ef780000)
 ParOldGen       total 42496K, used 7447K [0x00000000c2400000, 0x00000000c4d80000, 0x00000000eb700000)
  object space 42496K, 17% used [0x00000000c2400000,0x00000000c2b45e80,0x00000000c4d80000)
 Metaspace       used 16888K, capacity 17236K, committed 17536K, reserved 1064960K
  class space    used 2002K, capacity 2122K, committed 2176K, reserved 1048576K
Event: 3,827 GC heap after
Heap after GC invocations=5 (full 0):
 PSYoungGen      total 66048K, used 2544K [0x00000000eb700000, 0x00000000f4500000, 0x0000000100000000)
  eden space 63488K, 0% used [0x00000000eb700000,0x00000000eb700000,0x00000000ef500000)
  from space 2560K, 99% used [0x00000000ef500000,0x00000000ef77c010,0x00000000ef780000)
  to   space 9216K, 0% used [0x00000000f3c00000,0x00000000f3c00000,0x00000000f4500000)
 ParOldGen       total 42496K, used 13044K [0x00000000c2400000, 0x00000000c4d80000, 0x00000000eb700000)
  object space 42496K, 30% used [0x00000000c2400000,0x00000000c30bd0e0,0x00000000c4d80000)
 Metaspace       used 16888K, capacity 17236K, committed 17536K, reserved 1064960K
  class space    used 2002K, capacity 2122K, committed 2176K, reserved 1048576K
}
Event: 4,637 GC heap before
{Heap before GC invocations=6 (full 0):
 PSYoungGen      total 66048K, used 60973K [0x00000000eb700000, 0x00000000f4500000, 0x0000000100000000)
  eden space 63488K, 92% used [0x00000000eb700000,0x00000000ef00f428,0x00000000ef500000)
  from space 2560K, 99% used [0x00000000ef500000,0x00000000ef77c010,0x00000000ef780000)
  to   space 9216K, 0% used [0x00000000f3c00000,0x00000000f3c00000,0x00000000f4500000)
 ParOldGen       total 42496K, used 13044K [0x00000000c2400000, 0x00000000c4d80000, 0x00000000eb700000)
  object space 42496K, 30% used [0x00000000c2400000,0x00000000c30bd0e0,0x00000000c4d80000)
 Metaspace       used 20577K, capacity 21116K, committed 21296K, reserved 1069056K
  class space    used 2457K, capacity 2601K, committed 2688K, reserved 1048576K
Event: 4,653 GC heap after
Heap after GC invocations=6 (full 0):
 PSYoungGen      total 136192K, used 6209K [0x00000000eb700000, 0x00000000f4500000, 0x0000000100000000)
  eden space 126976K, 0% used [0x00000000eb700000,0x00000000eb700000,0x00000000f3300000)
  from space 9216K, 67% used [0x00000000f3c00000,0x00000000f4210488,0x00000000f4500000)
  to   space 9216K, 0% used [0x00000000f3300000,0x00000000f3300000,0x00000000f3c00000)
 ParOldGen       total 42496K, used 13052K [0x00000000c2400000, 0x00000000c4d80000, 0x00000000eb700000)
  object space 42496K, 30% used [0x00000000c2400000,0x00000000c30bf0e0,0x00000000c4d80000)
 Metaspace       used 20577K, capacity 21116K, committed 21296K, reserved 1069056K
  class space    used 2457K, capacity 2601K, committed 2688K, reserved 1048576K
}
Event: 4,653 GC heap before
{Heap before GC invocations=7 (full 1):
 PSYoungGen      total 136192K, used 6209K [0x00000000eb700000, 0x00000000f4500000, 0x0000000100000000)
  eden space 126976K, 0% used [0x00000000eb700000,0x00000000eb700000,0x00000000f3300000)
  from space 9216K, 67% used [0x00000000f3c00000,0x00000000f4210488,0x00000000f4500000)
  to   space 9216K, 0% used [0x00000000f3300000,0x00000000f3300000,0x00000000f3c00000)
 ParOldGen       total 42496K, used 13052K [0x00000000c2400000, 0x00000000c4d80000, 0x00000000eb700000)
  object space 42496K, 30% used [0x00000000c2400000,0x00000000c30bf0e0,0x00000000c4d80000)
 Metaspace       used 20577K, capacity 21116K, committed 21296K, reserved 1069056K
  class space    used 2457K, capacity 2601K, committed 2688K, reserved 1048576K
Event: 4,770 GC heap after
Heap after GC invocations=7 (full 1):
 PSYoungGen      total 136192K, used 0K [0x00000000eb700000, 0x00000000f4500000, 0x0000000100000000)
  eden space 126976K, 0% used [0x00000000eb700000,0x00000000eb700000,0x00000000f3300000)
  from space 9216K, 0% used [0x00000000f3c00000,0x00000000f3c00000,0x00000000f4500000)
  to   space 9216K, 0% used [0x00000000f3300000,0x00000000f3300000,0x00000000f3c00000)
 ParOldGen       total 46080K, used 14048K [0x00000000c2400000, 0x00000000c5100000, 0x00000000eb700000)
  object space 46080K, 30% used [0x00000000c2400000,0x00000000c31b8150,0x00000000c5100000)
 Metaspace       used 20577K, capacity 21116K, committed 21296K, reserved 1069056K
  class space    used 2457K, capacity 2601K, committed 2688K, reserved 1048576K
}
Event: 8,988 GC heap before
{Heap before GC invocations=8 (full 1):
 PSYoungGen      total 136192K, used 126976K [0x00000000eb700000, 0x00000000f4500000, 0x0000000100000000)
  eden space 126976K, 100% used [0x00000000eb700000,0x00000000f3300000,0x00000000f3300000)
  from space 9216K, 0% used [0x00000000f3c00000,0x00000000f3c00000,0x00000000f4500000)
  to   space 9216K, 0% used [0x00000000f3300000,0x00000000f3300000,0x00000000f3c00000)
 ParOldGen       total 46080K, used 14048K [0x00000000c2400000, 0x00000000c5100000, 0x00000000eb700000)
  object space 46080K, 30% used [0x00000000c2400000,0x00000000c31b8150,0x00000000c5100000)
 Metaspace       used 26498K, capacity 27320K, committed 27648K, reserved 1073152K
  class space    used 3068K, capacity 3248K, committed 3328K, reserved 1048576K

