# JRE version: OpenJDK Runtime Environment (8.0_131-b11) (build 1.8.0_131-8u131-b11-2ubuntu1.17.04.3-b11)
# Java VM: OpenJDK 64-Bit Server VM (25.131-b11 mixed mode linux-amd64 compressed oops)
Heap:
 PSYoungGen      total 69632K, used 7144K [0x00000000eb700000, 0x00000000f0300000, 0x0000000100000000)
  eden space 62464K, 0% used [0x00000000eb700000,0x00000000eb700000,0x00000000ef400000)
  from space 7168K, 99% used [0x00000000ef400000,0x00000000efafa080,0x00000000efb00000)
  to   space 6144K, 0% used [0x00000000efb00000,0x00000000efb00000,0x00000000f0100000)
 ParOldGen       total 42496K, used 8203K [0x00000000c2400000, 0x00000000c4d80000, 0x00000000eb700000)
  object space 42496K, 19% used [0x00000000c2400000,0x00000000c2c02d48,0x00000000c4d80000)
 Metaspace       used 17519K, capacity 18010K, committed 18304K, reserved 1064960K
  class space    used 2038K, capacity 2165K, committed 2176K, reserved 1048576K
GC Heap History (10 events):
Event: 1,081 GC heap after
Heap after GC invocations=2 (full 0):
 PSYoungGen      total 18432K, used 2533K [0x00000000eb700000, 0x00000000edb00000, 0x0000000100000000)
  eden space 15872K, 0% used [0x00000000eb700000,0x00000000eb700000,0x00000000ec680000)
  from space 2560K, 98% used [0x00000000ec900000,0x00000000ecb794e8,0x00000000ecb80000)
  to   space 2560K, 0% used [0x00000000ec680000,0x00000000ec680000,0x00000000ec900000)
 ParOldGen       total 42496K, used 716K [0x00000000c2400000, 0x00000000c4d80000, 0x00000000eb700000)
  object space 42496K, 1% used [0x00000000c2400000,0x00000000c24b3038,0x00000000c4d80000)
 Metaspace       used 7762K, capacity 7900K, committed 7936K, reserved 1056768K
  class space    used 952K, capacity 1016K, committed 1024K, reserved 1048576K
}
Event: 1,382 GC heap before
{Heap before GC invocations=3 (full 0):
 PSYoungGen      total 18432K, used 18405K [0x00000000eb700000, 0x00000000edb00000, 0x0000000100000000)
  eden space 15872K, 100% used [0x00000000eb700000,0x00000000ec680000,0x00000000ec680000)
  from space 2560K, 98% used [0x00000000ec900000,0x00000000ecb794e8,0x00000000ecb80000)
  to   space 2560K, 0% used [0x00000000ec680000,0x00000000ec680000,0x00000000ec900000)
 ParOldGen       total 42496K, used 716K [0x00000000c2400000, 0x00000000c4d80000, 0x00000000eb700000)
  object space 42496K, 1% used [0x00000000c2400000,0x00000000c24b3038,0x00000000c4d80000)
 Metaspace       used 9576K, capacity 9780K, committed 9984K, reserved 1058816K
  class space    used 1151K, capacity 1213K, committed 1280K, reserved 1048576K
Event: 1,389 GC heap after
Heap after GC invocations=3 (full 0):
 PSYoungGen      total 18432K, used 2554K [0x00000000eb700000, 0x00000000edb00000, 0x0000000100000000)
  eden space 15872K, 0% used [0x00000000eb700000,0x00000000eb700000,0x00000000ec680000)
  from space 2560K, 99% used [0x00000000ec680000,0x00000000ec8feb48,0x00000000ec900000)
  to   space 2560K, 0% used [0x00000000ed880000,0x00000000ed880000,0x00000000edb00000)
 ParOldGen       total 42496K, used 2286K [0x00000000c2400000, 0x00000000c4d80000, 0x00000000eb700000)
  object space 42496K, 5% used [0x00000000c2400000,0x00000000c263b980,0x00000000c4d80000)
 Metaspace       used 9576K, capacity 9780K, committed 9984K, reserved 1058816K
  class space    used 1151K, capacity 1213K, committed 1280K, reserved 1048576K
}
Event: 1,735 GC heap before
{Heap before GC invocations=4 (full 0):
 PSYoungGen      total 18432K, used 18426K [0x00000000eb700000, 0x00000000edb00000, 0x0000000100000000)
  eden space 15872K, 100% used [0x00000000eb700000,0x00000000ec680000,0x00000000ec680000)
  from space 2560K, 99% used [0x00000000ec680000,0x00000000ec8feb48,0x00000000ec900000)
  to   space 2560K, 0% used [0x00000000ed880000,0x00000000ed880000,0x00000000edb00000)
 ParOldGen       total 42496K, used 2286K [0x00000000c2400000, 0x00000000c4d80000, 0x00000000eb700000)
  object space 42496K, 5% used [0x00000000c2400000,0x00000000c263b980,0x00000000c4d80000)
 Metaspace       used 11452K, capacity 11624K, committed 11776K, reserved 1058816K
  class space    used 1412K, capacity 1508K, committed 1536K, reserved 1048576K
Event: 1,743 GC heap after
Heap after GC invocations=4 (full 0):
 PSYoungGen      total 34304K, used 2560K [0x00000000eb700000, 0x00000000edb00000, 0x0000000100000000)
  eden space 31744K, 0% used [0x00000000eb700000,0x00000000eb700000,0x00000000ed600000)
  from space 2560K, 100% used [0x00000000ed880000,0x00000000edb00000,0x00000000edb00000)
  to   space 2560K, 0% used [0x00000000ed600000,0x00000000ed600000,0x00000000ed880000)
 ParOldGen       total 42496K, used 4461K [0x00000000c2400000, 0x00000000c4d80000, 0x00000000eb700000)
  object space 42496K, 10% used [0x00000000c2400000,0x00000000c285b5f0,0x00000000c4d80000)
 Metaspace       used 11452K, capacity 11624K, committed 11776K, reserved 1058816K
  class space    used 1412K, capacity 1508K, committed 1536K, reserved 1048576K
}
Event: 2,786 GC heap before
{Heap before GC invocations=5 (full 0):
 PSYoungGen      total 34304K, used 34304K [0x00000000eb700000, 0x00000000edb00000, 0x0000000100000000)
  eden space 31744K, 100% used [0x00000000eb700000,0x00000000ed600000,0x00000000ed600000)
  from space 2560K, 100% used [0x00000000ed880000,0x00000000edb00000,0x00000000edb00000)
  to   space 2560K, 0% used [0x00000000ed600000,0x00000000ed600000,0x00000000ed880000)
 ParOldGen       total 42496K, used 4461K [0x00000000c2400000, 0x00000000c4d80000, 0x00000000eb700000)
  object space 42496K, 10% used [0x00000000c2400000,0x00000000c285b5f0,0x00000000c4d80000)
 Metaspace       used 14295K, capacity 14474K, committed 14720K, reserved 1062912K
  class space    used 1741K, capacity 1808K, committed 1920K, reserved 1048576K
Event: 2,797 GC heap after
Heap after GC invocations=5 (full 0):
 PSYoungGen      total 34304K, used 2528K [0x00000000eb700000, 0x00000000f0100000, 0x0000000100000000)
  eden space 31744K, 0% used [0x00000000eb700000,0x00000000eb700000,0x00000000ed600000)
  from space 2560K, 98% used [0x00000000ed600000,0x00000000ed878020,0x00000000ed880000)
  to   space 6144K, 0% used [0x00000000efb00000,0x00000000efb00000,0x00000000f0100000)
 ParOldGen       total 42496K, used 7058K [0x00000000c2400000, 0x00000000c4d80000, 0x00000000eb700000)
  object space 42496K, 16% used [0x00000000c2400000,0x00000000c2ae4a40,0x00000000c4d80000)
 Metaspace       used 14295K, capacity 14474K, committed 14720K, reserved 1062912K
  class space    used 1741K, capacity 1808K, committed 1920K, reserved 1048576K
}
Event: 3,559 GC heap before
{Heap before GC invocations=6 (full 0):
 PSYoungGen      total 34304K, used 34272K [0x00000000eb700000, 0x00000000f0100000, 0x0000000100000000)
  eden space 31744K, 100% used [0x00000000eb700000,0x00000000ed600000,0x00000000ed600000)
  from space 2560K, 98% used [0x00000000ed600000,0x00000000ed878020,0x00000000ed880000)
  to   space 6144K, 0% used [0x00000000efb00000,0x00000000efb00000,0x00000000f0100000)
 ParOldGen       total 42496K, used 7058K [0x00000000c2400000, 0x00000000c4d80000, 0x00000000eb700000)
  object space 42496K, 16% used [0x00000000c2400000,0x00000000c2ae4a40,0x00000000c4d80000)
 Metaspace       used 16458K, capacity 16792K, committed 17024K, reserved 1064960K
  class space    used 1963K, capacity 2082K, committed 2176K, reserved 1048576K
Event: 3,575 GC heap after
Heap after GC invocations=6 (full 0):
 PSYoungGen      total 68608K, used 6131K [0x00000000eb700000, 0x00000000f0300000, 0x0000000100000000)
  eden space 62464K, 0% used [0x00000000eb700000,0x00000000eb700000,0x00000000ef400000)
  from space 6144K, 99% used [0x00000000efb00000,0x00000000f00fcdf8,0x00000000f0100000)
  to   space 7168K, 0% used [0x00000000ef400000,0x00000000ef400000,0x00000000efb00000)
 ParOldGen       total 42496K, used 7263K [0x00000000c2400000, 0x00000000c4d80000, 0x00000000eb700000)
  object space 42496K, 17% used [0x00000000c2400000,0x00000000c2b17ec8,0x00000000c4d80000)
 Metaspace       used 16458K, capacity 16792K, committed 17024K, reserved 1064960K
  class space    used 1963K, capacity 2082K, committed 2176K, reserved 1048576K
}
Event: 4,812 GC heap before
{Heap before GC invocations=7 (full 0):
 PSYoungGen      total 68608K, used 68595K [0x00000000eb700000, 0x00000000f0300000, 0x0000000100000000)
  eden space 62464K, 100% used [0x00000000eb700000,0x00000000ef400000,0x00000000ef400000)
  from space 6144K, 99% used [0x00000000efb00000,0x00000000f00fcdf8,0x00000000f0100000)
  to   space 7168K, 0% used [0x00000000ef400000,0x00000000ef400000,0x00000000efb00000)
 ParOldGen       total 42496K, used 7263K [0x00000000c2400000, 0x00000000c4d80000, 0x00000000eb700000)
  object space 42496K, 17% used [0x00000000c2400000,0x00000000c2b17ec8,0x00000000c4d80000)
 Metaspace       used 17519K, capacity 18010K, committed 18304K, reserved 1064960K
  class space    used 2038K, capacity 2165K, committed 2176K, reserved 1048576K

